<?xml version="1.0" encoding="UTF-8"?>
<testng-results ignored="0" total="1" passed="1" failed="0" skipped="0">
  <reporter-output>
  </reporter-output>
  <suite started-at="2023-10-27T11:14:05 IST" name="Default suite" finished-at="2023-10-27T11:14:36 IST" duration-ms="30907">
    <groups>
    </groups>
    <test started-at="2023-10-27T11:14:05 IST" name="Default test" finished-at="2023-10-27T11:14:36 IST" duration-ms="30907">
      <class name="Scripts.TestCase2">
        <test-method is-config="true" signature="openApp()[pri:0, instance:Scripts.TestCase2@795cd85e]" started-at="2023-10-27T11:14:05 IST" name="openApp" finished-at="2023-10-27T11:14:16 IST" duration-ms="11066" status="PASS">
          <reporter-output>
          </reporter-output>
        </test-method> <!-- openApp -->
        <test-method signature="testc1()[pri:0, instance:Scripts.TestCase2@795cd85e]" started-at="2023-10-27T11:14:16 IST" name="testc1" finished-at="2023-10-27T11:14:36 IST" duration-ms="19735" status="PASS">
          <reporter-output>
          </reporter-output>
        </test-method> <!-- testc1 -->
        <test-method is-config="true" signature="closeApp(org.testng.ITestResult)[pri:0, instance:Scripts.TestCase2@795cd85e]" started-at="2023-10-27T11:14:36 IST" name="closeApp" finished-at="2023-10-27T11:14:36 IST" duration-ms="4" status="PASS">
          <params>
            <param index="0">
              <value>
                <![CDATA[[TestResult name=testc1 status=SUCCESS method=TestCase2.testc1()[pri:0, instance:Scripts.TestCase2@795cd85e] output={null}]]]>
              </value>
            </param>
          </params>
          <reporter-output>
          </reporter-output>
        </test-method> <!-- closeApp -->
      </class> <!-- Scripts.TestCase2 -->
    </test> <!-- Default test -->
  </suite> <!-- Default suite -->
</testng-results>
